Requête reçue: 2025-04-16 14:33:16
Contenu: {
  "ip": "192.168.1.1",
  "location": "Paris, France",
  "tokens": ["token123", "token456"],
  "system_info": {
    "os": "Linux",
    "cpu": "Intel i7",
    "ram": 16
  }
}

Données brutes: {
  "ip": "192.168.1.1",
  "location": "Paris, France",
  "tokens": ["token123", "token456"],
  "system_info": {
    "os": "Linux",
    "cpu": "Intel i7",
    "ram": 16
  }
}
Données enregistrées avec succès
Requête reçue: 2025-04-16 14:34:08
Contenu: {"ip": "192.168.1.254", "location": "Paris, France", "tokens": ["mfa.VkO_2G4Qw3-Tq-vWDYsG9PeA.X2U9_S-vMZ5D9RsyM67S", "ODg2OTUwNtODM4Mzc1NDI4.YUL_5Q.U9XQ_lDXzKRf8-IhqdeS09X"], "system_info": {"os": "Windows 11 Home 64-bit", "cpu": "Intel Core i7-12700K @ 3.6GHz", "ram": 32}, "timestamp": 1744814047}

Données brutes: {"ip": "192.168.1.254", "location": "Paris, France", "tokens": ["mfa.VkO_2G4Qw3-Tq-vWDYsG9PeA.X2U9_S-vMZ5D9RsyM67S", "ODg2OTUwNtODM4Mzc1NDI4.YUL_5Q.U9XQ_lDXzKRf8-IhqdeS09X"], "system_info": {"os": "Windows 11 Home 64-bit", "cpu": "Intel Core i7-12700K @ 3.6GHz", "ram": 32}, "timestamp": 1744814047}
Données enregistrées avec succès
Requête reçue: 2025-04-16 14:35:57
Contenu: {"ip": "192.WEEWOOOWEEOOOWEEWOOOWEEWOOO.1.254", "location": "Paris, France", "tokens": ["WEEWOOOWEEOOOWEEWOOOWEEWOOO", "WEEWOOOWEEOOOWEEWOOOWEEWOOO"], "system_info": {"os": "WEEWOOOWEEOOOWEEWOOOWEEWOOO 11 Home 64-bit", "cpu": "Intel WEEWOOOWEEOOOWEEWOOOWEEWOOO i7-12700K @ 3.6GHz", "ram": 32}, "timestamp": 1744814157}

Données brutes: {"ip": "192.WEEWOOOWEEOOOWEEWOOOWEEWOOO.1.254", "location": "Paris, France", "tokens": ["WEEWOOOWEEOOOWEEWOOOWEEWOOO", "WEEWOOOWEEOOOWEEWOOOWEEWOOO"], "system_info": {"os": "WEEWOOOWEEOOOWEEWOOOWEEWOOO 11 Home 64-bit", "cpu": "Intel WEEWOOOWEEOOOWEEWOOOWEEWOOO i7-12700K @ 3.6GHz", "ram": 32}, "timestamp": 1744814157}
Données enregistrées avec succès
Requête reçue: 2025-04-16 14:49:50
Contenu: 

Requête reçue: 2025-04-17 09:11:07
Contenu: 

